ORD  UPLO       N    NRHS     lda     ldb       TIME     MFLOP        RESID
===  ====  ======  ======  ======  ======  =========  ========  ===========

  C     G     167      83     167     167      0.001   6461.17  1.408866e-01
  R     G     167      83     167     167      0.001   6751.14  1.128719e-01

2 TESTS RUN, ALL PASSED.

ORD  UPLO       N    NRHS     lda     ldb       TIME     MFLOP        RESID
===  ====  ======  ======  ======  ======  =========  ========  ===========

  C     U     167      83     167     167      0.001   6540.10  4.389963e-03
  C     L     167      83     167     167      0.001   6637.69  3.700657e-03
  R     U     167      83     167     167      0.001   6472.87  3.700657e-03
  R     L     167      83     167     167      0.001   6554.09  4.389963e-03

4 TESTS RUN, ALL PASSED.

Rt  Maj      M      N    lda        TIME       MFLOP   RESIDUAL
==  ===  =====  =====  =====  ==========  ==========  =========
QR  Col     83    167     83  8.1245e-04     2406.06   6.12e-02
QL  Col     83    167     83  8.0071e-04     2441.36   6.85e-02
RQ  Col     83    167     83  7.0484e-04     2763.64   5.94e-02
LQ  Col     83    167     83  7.0642e-04     2757.46   8.03e-02

4 cases ran, 4 cases passed

NREPS   Ord. UPLO DIAG       N    lda          TIME        MFLOPS         RESID
=====  ==== =====  ===== =====  =====  ============  ============  ============
    1  Col  Upper NonUn    167    167       0.00024      6362.089  6.133710e-03
    1  Col  Upper Unit     167    167       0.00024      6603.240  8.839317e-03
    1  Col  Lower NonUn    167    167       0.00023      6723.018  6.152159e-03
    1  Col  Lower Unit     167    167       0.00023      6778.929  1.064429e-02
    1  Row  Upper NonUn    167    167       0.00023      6831.466  6.252221e-03
    1  Row  Upper Unit     167    167       0.00022      6916.969  9.856738e-03
    1  Row  Lower NonUn    167    167       0.00022      6973.738  6.295287e-03
    1  Row  Lower Unit     167    167       0.00034      4584.360  9.234665e-03

8 cases: 8 passed, 0 skipped, 0 failed
NREPS  ORD   UPLO      N    lda          TIME        MFLOPS         RESID
=====  ===  =====  =====  =====  ============  ============  ============
    1  Col  Upper    167    167       0.00031      3765.732  5.965035e-01
    1  Col  Lower    167    167       0.00032      3633.425  4.688026e-01
    1  Row  Upper    167    167       0.00033      3523.638  4.688026e-01
    1  Row  Lower    167    167       0.00030      3913.774  5.965035e-01

4 cases: 4 passed, 0 skipped, 0 failed
ORD  UPLO       N    NRHS     lda     ldb       TIME     MFLOP        RESID
===  ====  ======  ======  ======  ======  =========  ========  ===========

  C     G     167      83     167     167      0.001   4593.96  1.212776e-01
  R     G     167      83     167     167      0.001   4809.44  1.279598e-01

2 TESTS RUN, ALL PASSED.

ORD  UPLO       N    NRHS     lda     ldb       TIME     MFLOP        RESID
===  ====  ======  ======  ======  ======  =========  ========  ===========

  C     U     167      83     167     167      0.001   4120.21  4.176715e-03
  C     L     167      83     167     167      0.001   4257.14  5.512920e-03
  R     U     167      83     167     167      0.001   4270.68  5.512920e-03
  R     L     167      83     167     167      0.001   4291.01  4.176715e-03

4 TESTS RUN, ALL PASSED.

Rt  Maj      M      N    lda        TIME       MFLOP   RESIDUAL
==  ===  =====  =====  =====  ==========  ==========  =========
QR  Col     83    167     83  7.9617e-04     2455.26   6.36e-02
QL  Col     83    167     83  7.6009e-04     2571.84   6.48e-02
RQ  Col     83    167     83  6.4869e-04     3002.85   6.50e-02
LQ  Col     83    167     83  6.7668e-04     2878.66   6.02e-02

4 cases ran, 4 cases passed

NREPS   Ord. UPLO DIAG       N    lda          TIME        MFLOPS         RESID
=====  ==== =====  ===== =====  =====  ============  ============  ============
    1  Col  Upper NonUn    167    167       0.00031      5017.027  6.126309e-03
    1  Col  Upper Unit     167    167       0.00026      6019.562  1.178219e-02
    1  Col  Lower NonUn    167    167       0.00026      6038.635  6.117666e-03
    1  Col  Lower Unit     167    167       0.00025      6165.416  1.073476e-02
    1  Row  Upper NonUn    167    167       0.00025      6175.747  6.195965e-03
    1  Row  Upper Unit     167    167       0.00025      6232.137  1.125458e-02
    1  Row  Lower NonUn    167    167       0.00027      5833.980  6.173801e-03
    1  Row  Lower Unit     167    167       0.00026      5943.674  1.055145e-02

8 cases: 8 passed, 0 skipped, 0 failed
NREPS  ORD   UPLO      N    lda          TIME        MFLOPS         RESID
=====  ===  =====  =====  =====  ============  ============  ============
    1  Col  Upper    167    167       0.00045      2599.829  9.966978e-01
    1  Col  Lower    167    167       0.00045      2577.689  7.316628e-01
    1  Row  Upper    167    167       0.00043      2727.334  7.316628e-01
    1  Row  Lower    167    167       0.00040      2875.678  9.966978e-01

4 cases: 4 passed, 0 skipped, 0 failed
ORD  UPLO       N    NRHS     lda     ldb       TIME     MFLOP        RESID
===  ====  ======  ======  ======  ======  =========  ========  ===========

  C     G     167      83     167     167      0.003   7523.39  2.675161e-02
  R     G     167      83     167     167      0.003   7542.64  3.228936e-02

2 TESTS RUN, ALL PASSED.

ORD  UPLO       N    NRHS     lda     ldb       TIME     MFLOP        RESID
===  ====  ======  ======  ======  ======  =========  ========  ===========

  C     U     167      83     167     167      0.002   7047.59  2.821829e-03
  C     L     167      83     167     167      0.002   7447.76  2.992099e-03
  R     U     167      83     167     167      0.002   7396.37  2.895737e-03
  R     L     167      83     167     167      0.002   7265.98  3.491351e-03

4 TESTS RUN, ALL PASSED.

Rt  Maj      M      N    lda        TIME       MFLOP   RESIDUAL
==  ===  =====  =====  =====  ==========  ==========  =========
QR  Col     83    167     83  1.8808e-03     4172.45   7.13e-02
QL  Col     83    167     83  1.8636e-03     4210.83   7.63e-02
RQ  Col     83    167     83  1.7816e-03     4397.29   7.91e-02
LQ  Col     83    167     83  1.7724e-03     4419.95   8.04e-02

4 cases ran, 4 cases passed

NREPS   Ord. UPLO DIAG       N    lda          TIME        MFLOPS         RESID
=====  ==== =====  ===== =====  =====  ============  ============  ============
    1  Col  Upper NonUn    167    167       0.00064      9684.989  7.628206e-03
    1  Col  Upper Unit     167    167       0.00056     10958.431  1.350711e-02
    1  Col  Lower NonUn    167    167       0.00074      8364.361  7.621820e-03
    1  Col  Lower Unit     167    167       0.00068      9081.985  1.364690e-02
    1  Row  Upper NonUn    167    167       0.00074      8345.824  7.632718e-03
    1  Row  Upper Unit     167    167       0.00068      9075.049  1.291475e-02
    1  Row  Lower NonUn    167    167       0.00063      9822.317  7.634170e-03
    1  Row  Lower Unit     167    167       0.00056     10950.859  1.748653e-02

8 cases: 8 passed, 0 skipped, 0 failed
NREPS  ORD   UPLO      N    lda          TIME        MFLOPS         RESID
=====  ===  =====  =====  =====  ============  ============  ============
    1  Col  Upper    167    167       0.00098      4730.424  1.623623e+00
    1  Col  Lower    167    167       0.00090      5187.531  1.541221e+00
    1  Row  Upper    167    167       0.00088      5263.634  1.541221e+00
    1  Row  Lower    167    167       0.00092      5085.730  1.623623e+00

4 cases: 4 passed, 0 skipped, 0 failed
ORD  UPLO       N    NRHS     lda     ldb       TIME     MFLOP        RESID
===  ====  ======  ======  ======  ======  =========  ========  ===========

  C     G     167      83     167     167      0.004   5523.13  3.163892e-02
  R     G     167      83     167     167      0.004   5433.95  2.804340e-02

2 TESTS RUN, ALL PASSED.

ORD  UPLO       N    NRHS     lda     ldb       TIME     MFLOP        RESID
===  ====  ======  ======  ======  ======  =========  ========  ===========

  C     U     167      83     167     167      0.003   5006.91  3.636755e-03
  C     L     167      83     167     167      0.003   5022.82  3.840927e-03
  R     U     167      83     167     167      0.003   4985.59  4.121551e-03
  R     L     167      83     167     167      0.003   5059.42  3.804494e-03

4 TESTS RUN, ALL PASSED.

Rt  Maj      M      N    lda        TIME       MFLOP   RESIDUAL
==  ===  =====  =====  =====  ==========  ==========  =========
QR  Col     83    167     83  1.7057e-03     4600.78   8.12e-02
QL  Col     83    167     83  1.6654e-03     4712.07   7.41e-02
RQ  Col     83    167     83  1.7118e-03     4576.57   7.18e-02
LQ  Col     83    167     83  1.7019e-03     4603.03   6.10e-02

4 cases ran, 4 cases passed

NREPS   Ord. UPLO DIAG       N    lda          TIME        MFLOPS         RESID
=====  ==== =====  ===== =====  =====  ============  ============  ============
    1  Col  Upper NonUn    167    167       0.00071      8625.818  7.619284e-03
    1  Col  Upper Unit     167    167       0.00061     10033.861  1.548985e-02
    1  Col  Lower NonUn    167    167       0.00065      9461.474  7.627186e-03
    1  Col  Lower Unit     167    167       0.00059     10352.594  1.524546e-02
    1  Row  Upper NonUn    167    167       0.00065      9416.211  7.632092e-03
    1  Row  Upper Unit     167    167       0.00059     10348.989  1.579868e-02
    1  Row  Lower NonUn    167    167       0.00070      8794.465  7.612195e-03
    1  Row  Lower Unit     167    167       0.00063      9752.983  1.492193e-02

8 cases: 8 passed, 0 skipped, 0 failed
NREPS  ORD   UPLO      N    lda          TIME        MFLOPS         RESID
=====  ===  =====  =====  =====  ============  ============  ============
    1  Col  Upper    167    167       0.00174      2683.645  2.525213e+00
    1  Col  Lower    167    167       0.00142      3282.280  2.004914e+00
    1  Row  Upper    167    167       0.00134      3466.876  2.004914e+00
    1  Row  Lower    167    167       0.00155      3013.917  2.525213e+00

4 cases: 4 passed, 0 skipped, 0 failed
