
*******************************************************************************
*******************************************************************************
*******************************************************************************
*       BEGAN ATLAS3.10.3 INSTALL OF SECTION 2-4-7 ON 06/04/2018 AT 08:57     *
*******************************************************************************
*******************************************************************************
*******************************************************************************



make[2]: Entering directory '/home/forrest/Documents/linpack/ATLAS/intel_i7/bin'
cd /home/forrest/Documents/linpack/ATLAS/intel_i7/tune/blas/gemv ; make res/cMVTK.sum pre=c
make[3]: Entering directory '/home/forrest/Documents/linpack/ATLAS/intel_i7/tune/blas/gemv'
./xmvtksearch -p c

      Read in L1 Cache size as = 32KB.
   2:ATL_cgemvT_8x4_sse3.c (M=2300, N=2000, lda=2308) gets 6121.64 MFLOPS
   900002:cmvt_sse.c (M=2300, N=2000, lda=2303) gets 6004.10 MFLOPS
   3:ATL_cgemvT_8x4_avx.c (M=1024, N=16, lda=1032) gets 23142.54 MFLOPS
   900005:cmvt_sse.c (M=1024, N=16, lda=1029) gets 6618.27 MFLOPS
   3:ATL_cgemvT_8x4_avx.c (M=435, N=8, lda=444) gets 36983.81 MFLOPS
   900005:cmvt_sse.c (M=435, N=8, lda=441) gets 6802.57 MFLOPS
   900002:cmvt_sse.c (M=2300, N=2000, lda=2303) gets 5563.19 MFLOPS
ID=2 ROUT='ATL_cgemvT_8x4_sse3.c' AUTH='R. Clint Whaley' TA='T' KNAME='ATL_cmvtk__2' \
   rankR=1 CacheElts=28672 SSE=3 alignA=8 alignY=16 alignX=0 minM=9 minN=4  \
   NU=4 MU=8 LDAMUL=16 PFTUNABLE=1 ALIGNX2A=1 ADDCFLAGS=0 GEMMBASED=0 AXPYBASED=0  \
   ALLALIGNXY=0 LDYTOP=0 FNU=1 X87=0  \
   MFLOP=6.121637e+03,-2.624484e+04 \
     CFLAGS='-x assembler-with-cpp -DPFIA=prefetcht0 -DPFIX=prefetcht1 -DPFYDIST=448' \
     COMP='gcc'
ID=900002 ROUT='cmvt_sse.c' AUTH='R. Clint Whaley' TA='T' KNAME='ATL_cmvtk__900002' \
   rankR=0 CacheElts=28672 SSE=3 alignA=0 alignY=16 alignX=16 minM=8 minN=2  \
   NU=2 MU=8 LDAMUL=0 PFTUNABLE=1 ALIGNX2A=0 ADDCFLAGS=0 GEMMBASED=0 AXPYBASED=0  \
   ALLALIGNXY=0 LDYTOP=0 FNU=1 X87=0  \
   MFLOP=6.004100e+03,-2.523271e+04  ASM=GAS_x8664 \
     CFLAGS='-x assembler-with-cpp -DPFIA=prefetcht0 -DPFIX=prefetcht1 -DPFIY=prefetcht2 -DPFADIST=512 -DPFXDIST=320 -DPFYDIST=0' \
     COMP='gcc'
ID=3 ROUT='ATL_cgemvT_8x4_avx.c' AUTH='R. Clint Whaley' TA='T' KNAME='ATL_cmvtk__3' \
   rankR=1 CacheElts=28672 SSE=0 alignA=32 alignY=32 alignX=0 minM=0 minN=0  \
   NU=4 MU=8 LDAMUL=32 PFTUNABLE=0 ALIGNX2A=1 ADDCFLAGS=0 GEMMBASED=0 AXPYBASED=0  \
   ALLALIGNXY=0 LDYTOP=0 FNU=0 X87=0  \
   MFLOP=-1.888108e+04,-2.497417e+04,0.000000e+00,2.314254e+04,-6.059701e+04 \
     CFLAGS='-x assembler-with-cpp'  COMP='gcc'
ID=900005 ROUT='cmvt_sse.c' AUTH='R. Clint Whaley' TA='T' KNAME='ATL_cmvtk__900005' \
   rankR=0 CacheElts=28672 SSE=3 alignA=0 alignY=16 alignX=16 minM=16 minN=4  \
   NU=4 MU=16 LDAMUL=0 PFTUNABLE=1 ALIGNX2A=0 ADDCFLAGS=0 GEMMBASED=0 AXPYBASED=0  \
   ALLALIGNXY=0 LDYTOP=0 FNU=1 X87=0  \
   MFLOP=0.000000e+00,0.000000e+00,0.000000e+00,6.618268e+03,-3.120676e+04 \
     ASM=GAS_x8664 \
     CFLAGS='-x assembler-with-cpp -DPFIA=prefetchnta -DPFIX=prefetcht1 -DPFIY=prefetchnta -DPFADIST=128 -DPFXDIST=0 -DPFYDIST=320' \
     COMP='gcc'
ID=3 ROUT='ATL_cgemvT_8x4_avx.c' AUTH='R. Clint Whaley' TA='T' KNAME='ATL_cmvtk__3' \
   rankR=1 CacheElts=3932 SSE=0 alignA=32 alignY=32 alignX=0 minM=0 minN=0  \
   NU=4 MU=8 LDAMUL=32 PFTUNABLE=0 ALIGNX2A=1 ADDCFLAGS=0 GEMMBASED=0 AXPYBASED=0  \
   ALLALIGNXY=0 LDYTOP=0 FNU=0 X87=0  \
   MFLOP=-1.888108e+04,-2.497417e+04,0.000000e+00,0.000000e+00,3.698381e+04 \
     CFLAGS='-x assembler-with-cpp'  COMP='gcc'
ID=900005 ROUT='cmvt_sse.c' AUTH='R. Clint Whaley' TA='T' KNAME='ATL_cmvtk__900005' \
   rankR=0 CacheElts=3932 SSE=3 alignA=0 alignY=16 alignX=16 minM=16 minN=4  \
   NU=4 MU=16 LDAMUL=0 PFTUNABLE=1 ALIGNX2A=0 ADDCFLAGS=0 GEMMBASED=0 AXPYBASED=0  \
   ALLALIGNXY=0 LDYTOP=0 FNU=1 X87=0  \
   MFLOP=0.000000e+00,0.000000e+00,0.000000e+00,0.000000e+00,6.802569e+03 \
     ASM=GAS_x8664 \
     CFLAGS='-x assembler-with-cpp -DPFIA=prefetchnta -DPFIX=prefetcht1 -DPFIY=prefetchnta -DPFXDIST=192 -DPFYDIST=256' \
     COMP='gcc'
ID=900002 ROUT='cmvt_sse.c' AUTH='R. Clint Whaley' TA='T' KNAME='ATL_cmvtk__900002' \
   rankR=0 CacheElts=3932 SSE=3 alignA=0 alignY=16 alignX=16 minM=8 minN=2  \
   NU=2 MU=8 LDAMUL=0 PFTUNABLE=1 ALIGNX2A=0 ADDCFLAGS=0 GEMMBASED=0 AXPYBASED=0  \
   ALLALIGNXY=0 LDYTOP=0 FNU=1 X87=0  \
   MFLOP=5.563193e+03,-2.222978e+04  ASM=GAS_x8664 \
     CFLAGS='-x assembler-with-cpp -DPFIA=prefetcht0 -DPFIX=prefetcht2 -DPFIY=prefetcht1 -DPFXDIST=0 -DPFYDIST=0' \
     COMP='gcc'
make cmvtinstall
make[4]: Entering directory '/home/forrest/Documents/linpack/ATLAS/intel_i7/tune/blas/gemv'
mkdir cmvtoutd
rm -f cmvtoutd/*
if [ -s "/home/forrest/Documents/linpack/ATLAS/intel_i7/src/blas/gemv/Make_cmvt" ]; then \
           cd  /home/forrest/Documents/linpack/ATLAS/intel_i7/src/blas/gemv ; make -f Make_cmvt killall ; \
           rm -f /home/forrest/Documents/linpack/ATLAS/intel_i7/src/blas/gemv/Make_cmvt ; \
        fi
./xmvthgen -p c -F res/cMVTK.sum -d cmvtoutd
make[5]: Entering directory '/home/forrest/Documents/linpack/ATLAS/intel_i7/tune/blas/gemv'
/home/forrest/Documents/linpack/ATLAS/intel_i7/bin/xextract -b /home/forrest/Documents/linpack/ATLAS/intel_i7/..//tune/blas/gemv/atlas-l2g.base order=clmajor \
                           rout=mvt_sse nu=2 type=SCPLX -def MU 1 \
                            -o EXTDIR/cmvt_sse.c
make[5]: Leaving directory '/home/forrest/Documents/linpack/ATLAS/intel_i7/tune/blas/gemv'
make[5]: Entering directory '/home/forrest/Documents/linpack/ATLAS/intel_i7/tune/blas/gemv'
/home/forrest/Documents/linpack/ATLAS/intel_i7/bin/xextract -b /home/forrest/Documents/linpack/ATLAS/intel_i7/..//tune/blas/gemv/atlas-l2g.base order=clmajor \
                           rout=mvt_sse nu=4 type=SCPLX -def MU 2 \
                            -o EXTDIR/cmvt_sse.c
make[5]: Leaving directory '/home/forrest/Documents/linpack/ATLAS/intel_i7/tune/blas/gemv'
cp -f cmvtoutd/Make_cmvt /home/forrest/Documents/linpack/ATLAS/intel_i7/src/blas/gemv/.
cp cmvtoutd/*.c /home/forrest/Documents/linpack/ATLAS/intel_i7/src/blas/gemv/.
cp -f cmvtoutd/*.h /home/forrest/Documents/linpack/ATLAS/intel_i7/include/.
if [ -s "xccobj.exe" ] ; then \
   cp -f xccobj.exe /home/forrest/Documents/linpack/ATLAS/intel_i7/src/blas/gemv/. ; \
elif [ -s "xccobj" ]; then \
           cp -f xccobj /home/forrest/Documents/linpack/ATLAS/intel_i7/src/blas/gemv/. ; \
        fi
touch /home/forrest/Documents/linpack/ATLAS/intel_i7/..//include/atlas_mv.h
rm -f cmvtoutd/* ; rmdir cmvtoutd
make[4]: Leaving directory '/home/forrest/Documents/linpack/ATLAS/intel_i7/tune/blas/gemv'
make[3]: Leaving directory '/home/forrest/Documents/linpack/ATLAS/intel_i7/tune/blas/gemv'
cp /home/forrest/Documents/linpack/ATLAS/intel_i7/tune/blas/gemv/res/cMVTK.sum INSTALL_LOG/.
make[2]: Leaving directory '/home/forrest/Documents/linpack/ATLAS/intel_i7/bin'

*******************************************************************************
*******************************************************************************
*******************************************************************************
*      FINISHED ATLAS3.10.3 INSTALL OF SECTION 2-4-7 ON 06/04/2018 AT 08:57   *
*******************************************************************************
*******************************************************************************
*******************************************************************************



