
*******************************************************************************
*******************************************************************************
*******************************************************************************
*       BEGAN ATLAS3.10.3 INSTALL OF SECTION 2-1-2 ON 06/04/2018 AT 08:53     *
*******************************************************************************
*******************************************************************************
*******************************************************************************



make[2]: Entering directory '/home/forrest/Documents/linpack/ATLAS/intel_i7/bin'
cd /home/forrest/Documents/linpack/ATLAS/intel_i7/tune/blas/gemm ; make res/atlas_cacheedge.h pre=d
make[3]: Entering directory '/home/forrest/Documents/linpack/ATLAS/intel_i7/tune/blas/gemm'
make[3]: 'res/atlas_cacheedge.h' is up to date.
make[3]: Leaving directory '/home/forrest/Documents/linpack/ATLAS/intel_i7/tune/blas/gemm'
cp /home/forrest/Documents/linpack/ATLAS/intel_i7/tune/blas/gemm/res/atlas_cacheedge.h /home/forrest/Documents/linpack/ATLAS/intel_i7/include/.
cp /home/forrest/Documents/linpack/ATLAS/intel_i7/tune/blas/gemm/res/atlas_cacheedge.h INSTALL_LOG/.
make[2]: Leaving directory '/home/forrest/Documents/linpack/ATLAS/intel_i7/bin'

*******************************************************************************
*******************************************************************************
*******************************************************************************
*      FINISHED ATLAS3.10.3 INSTALL OF SECTION 2-1-2 ON 06/04/2018 AT 08:53   *
*******************************************************************************
*******************************************************************************
*******************************************************************************



