
*******************************************************************************
*******************************************************************************
*******************************************************************************
*       BEGAN ATLAS3.10.3 INSTALL OF SECTION 2-2-7 ON 06/04/2018 AT 08:54     *
*******************************************************************************
*******************************************************************************
*******************************************************************************



make[2]: Entering directory '/home/forrest/Documents/linpack/ATLAS/intel_i7/bin'
cd /home/forrest/Documents/linpack/ATLAS/intel_i7/tune/blas/gemv ; make res/sMVNK.sum pre=s
make[3]: Entering directory '/home/forrest/Documents/linpack/ATLAS/intel_i7/tune/blas/gemv'
./xmvnksearch -p s

      Read in L1 Cache size as = 32KB.
   900002:smvn_sse.c (M=3000, N=2000, lda=3003) gets 3470.34 MFLOPS
   900005:smvn_sse.c (M=2048, N=16, lda=2051) gets 3739.09 MFLOPS
   2:ATL_sgemvN_8x4_sse.c (M=870, N=8, lda=880) gets 23711.42 MFLOPS
   900005:smvn_sse.c (M=870, N=8, lda=875) gets 3820.06 MFLOPS
   900002:smvn_sse.c (M=3000, N=2000, lda=3003) gets 3275.11 MFLOPS
ID=900002 ROUT='smvn_sse.c' AUTH='R. Clint Whaley' TA='N' KNAME='ATL_smvnk__900002' \
   rankR=0 CacheElts=32768 SSE=3 alignA=0 alignY=16 alignX=16 minM=16 minN=4  \
   NU=4 MU=16 LDAMUL=0 PFTUNABLE=1 ALIGNX2A=0 ADDCFLAGS=0 GEMMBASED=0 AXPYBASED=1  \
   ALLALIGNXY=0 LDYTOP=0 FNU=1 X87=0  \
   MFLOP=3.470336e+03,-1.485121e+04  ASM=GAS_x8664 \
     CFLAGS='-x assembler-with-cpp -DPFIA=prefetcht0 -DPFIX=prefetcht0 -DPFIY=prefetchnta -DPFADIST=448 -DPFXDIST=128 -DPFYDIST=128' \
     COMP='gcc'
ID=900005 ROUT='smvn_sse.c' AUTH='R. Clint Whaley' TA='N' KNAME='ATL_smvnk__900005' \
   rankR=0 CacheElts=32768 SSE=3 alignA=0 alignY=16 alignX=16 minM=32 minN=4  \
   NU=4 MU=32 LDAMUL=0 PFTUNABLE=1 ALIGNX2A=0 ADDCFLAGS=0 GEMMBASED=0 AXPYBASED=1  \
   ALLALIGNXY=0 LDYTOP=0 FNU=1 X87=0  \
   MFLOP=0.000000e+00,0.000000e+00,0.000000e+00,3.739087e+03,-2.823866e+04 \
     ASM=GAS_x8664 \
     CFLAGS='-x assembler-with-cpp -DPFIA=prefetchnta -DPFIY=prefetcht0 -DPFADIST=128 -DPFXDIST=256 -DPFYDIST=0' \
     COMP='gcc'
ID=2 ROUT='ATL_sgemvN_8x4_sse.c' AUTH='R. Clint Whaley' TA='N' KNAME='ATL_smvnk__2' \
   rankR=1 CacheElts=7700 SSE=1 alignA=0 alignY=16 alignX=0 minM=0 minN=0  \
   NU=4 MU=8 LDAMUL=16 PFTUNABLE=0 ALIGNX2A=1 ADDCFLAGS=0 GEMMBASED=0 AXPYBASED=1  \
   ALLALIGNXY=0 LDYTOP=0 FNU=0 X87=0  \
   MFLOP=-1.004075e+04,-1.345357e+04,0.000000e+00,0.000000e+00,2.371142e+04
ID=900005 ROUT='smvn_sse.c' AUTH='R. Clint Whaley' TA='N' KNAME='ATL_smvnk__900005' \
   rankR=0 CacheElts=7700 SSE=3 alignA=0 alignY=16 alignX=16 minM=32 minN=4  \
   NU=4 MU=32 LDAMUL=0 PFTUNABLE=1 ALIGNX2A=0 ADDCFLAGS=0 GEMMBASED=0 AXPYBASED=1  \
   ALLALIGNXY=0 LDYTOP=0 FNU=1 X87=0  \
   MFLOP=0.000000e+00,0.000000e+00,0.000000e+00,-2.857070e+04,3.820060e+03 \
     ASM=GAS_x8664 \
     CFLAGS='-x assembler-with-cpp -DPFIA=prefetchnta -DPFIX=prefetcht1 -DPFIY=prefetcht2 -DPFADIST=0 -DPFXDIST=0 -DPFYDIST=0' \
     COMP='gcc'
ID=900002 ROUT='smvn_sse.c' AUTH='R. Clint Whaley' TA='N' KNAME='ATL_smvnk__900002' \
   rankR=0 CacheElts=7700 SSE=3 alignA=0 alignY=16 alignX=16 minM=16 minN=4  \
   NU=4 MU=16 LDAMUL=0 PFTUNABLE=1 ALIGNX2A=0 ADDCFLAGS=0 GEMMBASED=0 AXPYBASED=1  \
   ALLALIGNXY=0 LDYTOP=0 FNU=1 X87=0  \
   MFLOP=3.275110e+03,-1.283474e+04  ASM=GAS_x8664 \
     CFLAGS='-x assembler-with-cpp -DPFIA=prefetchnta -DPFIY=prefetcht1 -DPFADIST=0 -DPFYDIST=448' \
     COMP='gcc'
make smvninstall
make[4]: Entering directory '/home/forrest/Documents/linpack/ATLAS/intel_i7/tune/blas/gemv'
mkdir smvnoutd
rm -f smvnoutd/*
if [ -s "/home/forrest/Documents/linpack/ATLAS/intel_i7/src/blas/gemv/Make_smvn" ]; then \
           cd  /home/forrest/Documents/linpack/ATLAS/intel_i7/src/blas/gemv ; make -f Make_smvn killall ; \
           rm -f /home/forrest/Documents/linpack/ATLAS/intel_i7/src/blas/gemv/Make_smvn ; \
        fi
./xmvnhgen -p s -F res/sMVNK.sum -d smvnoutd
make[5]: Entering directory '/home/forrest/Documents/linpack/ATLAS/intel_i7/tune/blas/gemv'
/home/forrest/Documents/linpack/ATLAS/intel_i7/bin/xextract -b /home/forrest/Documents/linpack/ATLAS/intel_i7/..//tune/blas/gemv/atlas-l2g.base order=clmajor \
                           rout=mvn_sse nu=4 type=SREAL -def MU 1 \
                            -o EXTDIR/smvn_sse.c
make[5]: Leaving directory '/home/forrest/Documents/linpack/ATLAS/intel_i7/tune/blas/gemv'
make[5]: Entering directory '/home/forrest/Documents/linpack/ATLAS/intel_i7/tune/blas/gemv'
/home/forrest/Documents/linpack/ATLAS/intel_i7/bin/xextract -b /home/forrest/Documents/linpack/ATLAS/intel_i7/..//tune/blas/gemv/atlas-l2g.base order=clmajor \
                           rout=mvn_sse nu=4 type=SREAL -def MU 2 \
                            -o EXTDIR/smvn_sse.c
make[5]: Leaving directory '/home/forrest/Documents/linpack/ATLAS/intel_i7/tune/blas/gemv'
cp -f smvnoutd/Make_smvn /home/forrest/Documents/linpack/ATLAS/intel_i7/src/blas/gemv/.
cp smvnoutd/*.c /home/forrest/Documents/linpack/ATLAS/intel_i7/src/blas/gemv/.
cp -f smvnoutd/*.h /home/forrest/Documents/linpack/ATLAS/intel_i7/include/.
if [ -s "xccobj.exe" ] ; then \
   cp -f xccobj.exe /home/forrest/Documents/linpack/ATLAS/intel_i7/src/blas/gemv/. ; \
elif [ -s "xccobj" ]; then \
           cp -f xccobj /home/forrest/Documents/linpack/ATLAS/intel_i7/src/blas/gemv/. ; \
        fi
touch /home/forrest/Documents/linpack/ATLAS/intel_i7/..//include/atlas_mv.h
rm -f smvnoutd/* ; rmdir smvnoutd
make[4]: Leaving directory '/home/forrest/Documents/linpack/ATLAS/intel_i7/tune/blas/gemv'
make[3]: Leaving directory '/home/forrest/Documents/linpack/ATLAS/intel_i7/tune/blas/gemv'
cp /home/forrest/Documents/linpack/ATLAS/intel_i7/tune/blas/gemv/res/sMVNK.sum INSTALL_LOG/.
make[2]: Leaving directory '/home/forrest/Documents/linpack/ATLAS/intel_i7/bin'

*******************************************************************************
*******************************************************************************
*******************************************************************************
*      FINISHED ATLAS3.10.3 INSTALL OF SECTION 2-2-7 ON 06/04/2018 AT 08:54   *
*******************************************************************************
*******************************************************************************
*******************************************************************************



