
*******************************************************************************
*******************************************************************************
*******************************************************************************
*       BEGAN ATLAS3.10.3 INSTALL OF SECTION 2-2-7 ON 06/04/2018 AT 08:54     *
*******************************************************************************
*******************************************************************************
*******************************************************************************



make[2]: Entering directory '/home/forrest/Documents/linpack/ATLAS/intel_i7/bin'
cd /home/forrest/Documents/linpack/ATLAS/intel_i7/tune/blas/gemv ; make res/sMVTK.sum pre=s
make[3]: Entering directory '/home/forrest/Documents/linpack/ATLAS/intel_i7/tune/blas/gemv'
./xmvtksearch -p s

      Read in L1 Cache size as = 32KB.
   900006:smvt_sse.c (M=3000, N=1992, lda=3003) gets 3656.72 MFLOPS
   900007:smvt_sse.c (M=1365, N=24, lda=1376) gets 3837.44 MFLOPS
   2:ATL_sgemvT_8x4_sse.c (M=2048, N=16, lda=2056) gets 15478.73 MFLOPS
   900002:smvt_sse.c (M=2048, N=16, lda=2051) gets 3917.44 MFLOPS
   900002:smvt_sse.c (M=870, N=8, lda=875) gets 3952.34 MFLOPS
   900002:smvt_sse.c (M=3000, N=2000, lda=3003) gets 3321.06 MFLOPS
ID=900006 ROUT='smvt_sse.c' AUTH='R. Clint Whaley' TA='T' KNAME='ATL_smvtk__900006' \
   rankR=0 CacheElts=0 SSE=3 alignA=0 alignY=16 alignX=16 minM=16 minN=12  \
   NU=12 MU=16 LDAMUL=0 PFTUNABLE=1 ALIGNX2A=0 ADDCFLAGS=0 GEMMBASED=0  \
   AXPYBASED=0 ALLALIGNXY=0 LDYTOP=0 FNU=1 X87=0  \
   MFLOP=3.656718e+03,0.000000e+00,-1.535318e+04,-2.857112e+04,-3.019261e+04 \
     ASM=GAS_x8664 \
     CFLAGS='-x assembler-with-cpp -DPFIA=prefetcht0 -DPFIX=prefetcht1 -DPFIY=prefetchnta -DPFXDIST=0 -DPFYDIST=704' \
     COMP='gcc'
ID=900007 ROUT='smvt_sse.c' AUTH='R. Clint Whaley' TA='T' KNAME='ATL_smvtk__900007' \
   rankR=2 CacheElts=32768 SSE=3 alignA=16 alignY=16 alignX=16 minM=16  \
   minN=12 NU=12 MU=16 LDAMUL=16 PFTUNABLE=1 ALIGNX2A=0 ADDCFLAGS=0 GEMMBASED=0  \
   AXPYBASED=0 ALLALIGNXY=0 LDYTOP=0 FNU=1 X87=0  \
   MFLOP=-6.911905e+03,0.000000e+00,-1.377586e+04,3.837441e+03,-3.025561e+04 \
     ASM=GAS_x8664  CFLAGS='-x assembler-with-cpp'  COMP='gcc'
ID=2 ROUT='ATL_sgemvT_8x4_sse.c' AUTH='R. Clint Whaley' TA='T' KNAME='ATL_smvtk__2' \
   rankR=1 CacheElts=32768 SSE=0 alignA=0 alignY=16 alignX=0 minM=0 minN=0  \
   NU=4 MU=8 LDAMUL=16 PFTUNABLE=0 ALIGNX2A=1 ADDCFLAGS=0 GEMMBASED=0 AXPYBASED=0  \
   ALLALIGNXY=0 LDYTOP=0 FNU=0 X87=0  \
   MFLOP=-1.014385e+04,0.000000e+00,-1.378173e+04,1.547873e+04,-3.006098e+04
ID=900002 ROUT='smvt_sse.c' AUTH='R. Clint Whaley' TA='T' KNAME='ATL_smvtk__900002' \
   rankR=0 CacheElts=32768 SSE=3 alignA=0 alignY=16 alignX=16 minM=32 minN=4  \
   NU=4 MU=32 LDAMUL=0 PFTUNABLE=1 ALIGNX2A=0 ADDCFLAGS=0 GEMMBASED=0 AXPYBASED=0  \
   ALLALIGNXY=0 LDYTOP=0 FNU=1 X87=0  \
   MFLOP=-8.744681e+03,-1.250548e+04,0.000000e+00,3.917440e+03,-3.054208e+04 \
     ASM=GAS_x8664 \
     CFLAGS='-x assembler-with-cpp -DPFIX=prefetcht2 -DPFIY=prefetcht0 -DPFADIST=320 -DPFXDIST=576 -DPFYDIST=320' \
     COMP='gcc'
ID=900002 ROUT='smvt_sse.c' AUTH='R. Clint Whaley' TA='T' KNAME='ATL_smvtk__900002' \
   rankR=0 CacheElts=7864 SSE=3 alignA=0 alignY=16 alignX=16 minM=32 minN=4  \
   NU=4 MU=32 LDAMUL=0 PFTUNABLE=1 ALIGNX2A=0 ADDCFLAGS=0 GEMMBASED=0 AXPYBASED=0  \
   ALLALIGNXY=0 LDYTOP=0 FNU=1 X87=0  \
   MFLOP=-8.744681e+03,-1.250548e+04,0.000000e+00,0.000000e+00,3.952344e+03 \
     ASM=GAS_x8664 \
     CFLAGS='-x assembler-with-cpp -DPFIA=prefetcht1 -DPFIX=prefetcht1 -DPFIY=prefetcht1 -DPFADIST=0 -DPFXDIST=0 -DPFYDIST=128' \
     COMP='gcc'
ID=900002 ROUT='smvt_sse.c' AUTH='R. Clint Whaley' TA='T' KNAME='ATL_smvtk__900002' \
   rankR=0 CacheElts=7864 SSE=3 alignA=0 alignY=16 alignX=16 minM=32 minN=4  \
   NU=4 MU=32 LDAMUL=0 PFTUNABLE=1 ALIGNX2A=0 ADDCFLAGS=0 GEMMBASED=0 AXPYBASED=0  \
   ALLALIGNXY=0 LDYTOP=0 FNU=1 X87=0  \
   MFLOP=3.321061e+03,-1.284627e+04  ASM=GAS_x8664 \
     CFLAGS='-x assembler-with-cpp -DPFIA=prefetchnta -DPFIX=prefetchnta -DPFIY=prefetchnta -DPFADIST=0 -DPFXDIST=576 -DPFYDIST=0' \
     COMP='gcc'
make smvtinstall
make[4]: Entering directory '/home/forrest/Documents/linpack/ATLAS/intel_i7/tune/blas/gemv'
mkdir smvtoutd
rm -f smvtoutd/*
if [ -s "/home/forrest/Documents/linpack/ATLAS/intel_i7/src/blas/gemv/Make_smvt" ]; then \
           cd  /home/forrest/Documents/linpack/ATLAS/intel_i7/src/blas/gemv ; make -f Make_smvt killall ; \
           rm -f /home/forrest/Documents/linpack/ATLAS/intel_i7/src/blas/gemv/Make_smvt ; \
        fi
./xmvthgen -p s -F res/sMVTK.sum -d smvtoutd
make[5]: Entering directory '/home/forrest/Documents/linpack/ATLAS/intel_i7/tune/blas/gemv'
/home/forrest/Documents/linpack/ATLAS/intel_i7/bin/xextract -b /home/forrest/Documents/linpack/ATLAS/intel_i7/..//tune/blas/gemv/atlas-l2g.base order=clmajor \
                           rout=mvt_sse nu=12 type=SREAL -def MU 1 \
                            -o EXTDIR/smvt_sse.c
make[5]: Leaving directory '/home/forrest/Documents/linpack/ATLAS/intel_i7/tune/blas/gemv'
make[5]: Entering directory '/home/forrest/Documents/linpack/ATLAS/intel_i7/tune/blas/gemv'
/home/forrest/Documents/linpack/ATLAS/intel_i7/bin/xextract -b /home/forrest/Documents/linpack/ATLAS/intel_i7/..//tune/blas/gemv/atlas-l2g.base order=clmajor \
                           rout=mvt_sse nu=12 type=SREAL -def MU 1 \
                           -def ALIGNED 1 -o EXTDIR/smvt_sse.c
make[5]: Leaving directory '/home/forrest/Documents/linpack/ATLAS/intel_i7/tune/blas/gemv'
make[5]: Entering directory '/home/forrest/Documents/linpack/ATLAS/intel_i7/tune/blas/gemv'
/home/forrest/Documents/linpack/ATLAS/intel_i7/bin/xextract -b /home/forrest/Documents/linpack/ATLAS/intel_i7/..//tune/blas/gemv/atlas-l2g.base order=clmajor \
                           rout=mvt_sse nu=4 type=SREAL -def MU 2 \
                            -o EXTDIR/smvt_sse.c
make[5]: Leaving directory '/home/forrest/Documents/linpack/ATLAS/intel_i7/tune/blas/gemv'
cp -f smvtoutd/Make_smvt /home/forrest/Documents/linpack/ATLAS/intel_i7/src/blas/gemv/.
cp smvtoutd/*.c /home/forrest/Documents/linpack/ATLAS/intel_i7/src/blas/gemv/.
cp -f smvtoutd/*.h /home/forrest/Documents/linpack/ATLAS/intel_i7/include/.
if [ -s "xccobj.exe" ] ; then \
   cp -f xccobj.exe /home/forrest/Documents/linpack/ATLAS/intel_i7/src/blas/gemv/. ; \
elif [ -s "xccobj" ]; then \
           cp -f xccobj /home/forrest/Documents/linpack/ATLAS/intel_i7/src/blas/gemv/. ; \
        fi
touch /home/forrest/Documents/linpack/ATLAS/intel_i7/..//include/atlas_mv.h
rm -f smvtoutd/* ; rmdir smvtoutd
make[4]: Leaving directory '/home/forrest/Documents/linpack/ATLAS/intel_i7/tune/blas/gemv'
make[3]: Leaving directory '/home/forrest/Documents/linpack/ATLAS/intel_i7/tune/blas/gemv'
cp /home/forrest/Documents/linpack/ATLAS/intel_i7/tune/blas/gemv/res/sMVTK.sum INSTALL_LOG/.
make[2]: Leaving directory '/home/forrest/Documents/linpack/ATLAS/intel_i7/bin'

*******************************************************************************
*******************************************************************************
*******************************************************************************
*      FINISHED ATLAS3.10.3 INSTALL OF SECTION 2-2-7 ON 06/04/2018 AT 08:54   *
*******************************************************************************
*******************************************************************************
*******************************************************************************



