
*******************************************************************************
*******************************************************************************
*******************************************************************************
*       BEGAN ATLAS3.10.3 INSTALL OF SECTION 2-3-7 ON 06/04/2018 AT 08:56     *
*******************************************************************************
*******************************************************************************
*******************************************************************************



make[2]: Entering directory '/home/forrest/Documents/linpack/ATLAS/intel_i7/bin'
cd /home/forrest/Documents/linpack/ATLAS/intel_i7/tune/blas/gemv ; make res/zMVNK.sum pre=z
make[3]: Entering directory '/home/forrest/Documents/linpack/ATLAS/intel_i7/tune/blas/gemv'
./xmvnksearch -p z

      Read in L1 Cache size as = 32KB.
   900003:zmvn_sse.c (M=2300, N=1000, lda=2308) gets 2936.41 MFLOPS
   900002:zmvn_sse.c (M=2300, N=1000, lda=2303) gets 2951.48 MFLOPS
   1:ATL_cgemvN_axpy.c (M=512, N=16, lda=518) gets 12473.24 MFLOPS
   1:ATL_cgemvN_axpy.c (M=108, N=16, lda=112) gets 11805.85 MFLOPS
   900001:zmvn_C.c (M=2300, N=1000, lda=2303) gets 4963.70 MFLOPS
ID=900003 ROUT='zmvn_sse.c' AUTH='R. Clint Whaley' TA='N' KNAME='ATL_zmvnk__900003' \
   rankR=1 CacheElts=0 SSE=3 alignA=16 alignY=16 alignX=16 minM=8 minN=4  \
   NU=4 MU=8 LDAMUL=16 PFTUNABLE=1 ALIGNX2A=0 ADDCFLAGS=0 GEMMBASED=0 AXPYBASED=1  \
   ALLALIGNXY=0 LDYTOP=0 FNU=1 X87=0  \
   MFLOP=2.936415e+03,-9.354188e+03,-1.157439e+04 \
     ASM=GAS_x8664 \
     CFLAGS='-x assembler-with-cpp -DPFIA=prefetcht0 -DPFIY=prefetcht0 -DPFADIST=640 -DPFXDIST=0 -DPFYDIST=0' \
     COMP='gcc'
ID=900002 ROUT='zmvn_sse.c' AUTH='R. Clint Whaley' TA='N' KNAME='ATL_zmvnk__900002' \
   rankR=0 CacheElts=0 SSE=3 alignA=0 alignY=16 alignX=16 minM=8 minN=4  \
   NU=4 MU=8 LDAMUL=0 PFTUNABLE=1 ALIGNX2A=0 ADDCFLAGS=0 GEMMBASED=0 AXPYBASED=1  \
   ALLALIGNXY=0 LDYTOP=0 FNU=1 X87=0  \
   MFLOP=2.951484e+03,-9.209220e+03,-1.011263e+04,-1.557768e+04,-1.580234e+04 \
     ASM=GAS_x8664 \
     CFLAGS='-x assembler-with-cpp -DPFIA=prefetcht0 -DPFIX=prefetchnta -DPFIY=prefetcht1 -DPFADIST=320 -DPFYDIST=0' \
     COMP='gcc'
ID=1 ROUT='ATL_cgemvN_axpy.c' AUTH='R. Clint Whaley' TA='N' KNAME='ATL_zmvnk__1' \
   rankR=0 CacheElts=13312 SSE=0 alignA=0 alignY=0 alignX=0 minM=0 minN=0  \
   NU=16 MU=1 LDAMUL=0 PFTUNABLE=0 ALIGNX2A=0 ADDCFLAGS=0 GEMMBASED=0 AXPYBASED=1  \
   ALLALIGNXY=0 LDYTOP=0 FNU=0 X87=0  \
   MFLOP=-4.119683e+03,-6.847639e+03,0.000000e+00,1.247324e+04,-1.707611e+04
ID=1 ROUT='ATL_cgemvN_axpy.c' AUTH='R. Clint Whaley' TA='N' KNAME='ATL_zmvnk__1' \
   rankR=0 CacheElts=1105 SSE=0 alignA=0 alignY=0 alignX=0 minM=0 minN=0  \
   NU=16 MU=1 LDAMUL=0 PFTUNABLE=0 ALIGNX2A=0 ADDCFLAGS=0 GEMMBASED=0 AXPYBASED=1  \
   ALLALIGNXY=0 LDYTOP=0 FNU=0 X87=0  \
   MFLOP=-4.119683e+03,-6.847639e+03,0.000000e+00,0.000000e+00,1.180585e+04
ID=900001 ROUT='zmvn_C.c' AUTH='R. Clint Whaley' TA='N' KNAME='ATL_zmvnk__900001' \
   rankR=0 CacheElts=1105 SSE=0 alignA=0 alignY=0 alignX=0 minM=1 minN=4  \
   NU=4 MU=1 LDAMUL=0 PFTUNABLE=1 ALIGNX2A=0 ADDCFLAGS=0 GEMMBASED=0 AXPYBASED=1  \
   ALLALIGNXY=0 LDYTOP=0 FNU=1 X87=0  \
   MFLOP=4.963703e+03,-9.331333e+03 \
     CFLAGS='-fomit-frame-pointer -mfpmath=sse -O2 -mavx2 -mfma -m64 -DPFIA=prefetcht2 -DPFIX=prefetcht2 -DPFIY=prefetcht0 -DPFXDIST=128 -DPFYDIST=256'
make zmvninstall
make[4]: Entering directory '/home/forrest/Documents/linpack/ATLAS/intel_i7/tune/blas/gemv'
mkdir zmvnoutd
rm -f zmvnoutd/*
if [ -s "/home/forrest/Documents/linpack/ATLAS/intel_i7/src/blas/gemv/Make_zmvn" ]; then \
           cd  /home/forrest/Documents/linpack/ATLAS/intel_i7/src/blas/gemv ; make -f Make_zmvn killall ; \
           rm -f /home/forrest/Documents/linpack/ATLAS/intel_i7/src/blas/gemv/Make_zmvn ; \
        fi
./xmvnhgen -p z -F res/zMVNK.sum -d zmvnoutd
make[5]: Entering directory '/home/forrest/Documents/linpack/ATLAS/intel_i7/tune/blas/gemv'
/home/forrest/Documents/linpack/ATLAS/intel_i7/bin/xextract -b /home/forrest/Documents/linpack/ATLAS/intel_i7/..//tune/blas/gemv/atlas-l2g.base order=clmajor \
                           rout=mvn_sse nu=4 type=DCPLX -def MU 2 \
                           -def ALIGNED 1 -o EXTDIR/zmvn_sse.c
make[5]: Leaving directory '/home/forrest/Documents/linpack/ATLAS/intel_i7/tune/blas/gemv'
make[5]: Entering directory '/home/forrest/Documents/linpack/ATLAS/intel_i7/tune/blas/gemv'
/home/forrest/Documents/linpack/ATLAS/intel_i7/bin/xextract -b /home/forrest/Documents/linpack/ATLAS/intel_i7/..//tune/blas/gemv/atlas-l2g.base order=clmajor \
                           rout=mvn_sse nu=4 type=DCPLX -def MU 2 \
                            -o EXTDIR/zmvn_sse.c
make[5]: Leaving directory '/home/forrest/Documents/linpack/ATLAS/intel_i7/tune/blas/gemv'
make[5]: Entering directory '/home/forrest/Documents/linpack/ATLAS/intel_i7/tune/blas/gemv'
/home/forrest/Documents/linpack/ATLAS/intel_i7/bin/xextract -b /home/forrest/Documents/linpack/ATLAS/intel_i7/..//tune/blas/gemv/atlas-l2g.base -langC \
                           order=clmajor rout=mvn_C nu=4 type=DCPLX \
                           -def MU 1  -o EXTDIR/zmvn_C.c
make[5]: Leaving directory '/home/forrest/Documents/linpack/ATLAS/intel_i7/tune/blas/gemv'
cp -f zmvnoutd/Make_zmvn /home/forrest/Documents/linpack/ATLAS/intel_i7/src/blas/gemv/.
cp zmvnoutd/*.c /home/forrest/Documents/linpack/ATLAS/intel_i7/src/blas/gemv/.
cp -f zmvnoutd/*.h /home/forrest/Documents/linpack/ATLAS/intel_i7/include/.
if [ -s "xccobj.exe" ] ; then \
   cp -f xccobj.exe /home/forrest/Documents/linpack/ATLAS/intel_i7/src/blas/gemv/. ; \
elif [ -s "xccobj" ]; then \
           cp -f xccobj /home/forrest/Documents/linpack/ATLAS/intel_i7/src/blas/gemv/. ; \
        fi
touch /home/forrest/Documents/linpack/ATLAS/intel_i7/..//include/atlas_mv.h
rm -f zmvnoutd/* ; rmdir zmvnoutd
make[4]: Leaving directory '/home/forrest/Documents/linpack/ATLAS/intel_i7/tune/blas/gemv'
make[3]: Leaving directory '/home/forrest/Documents/linpack/ATLAS/intel_i7/tune/blas/gemv'
cp /home/forrest/Documents/linpack/ATLAS/intel_i7/tune/blas/gemv/res/zMVNK.sum INSTALL_LOG/.
make[2]: Leaving directory '/home/forrest/Documents/linpack/ATLAS/intel_i7/bin'

*******************************************************************************
*******************************************************************************
*******************************************************************************
*      FINISHED ATLAS3.10.3 INSTALL OF SECTION 2-3-7 ON 06/04/2018 AT 08:56   *
*******************************************************************************
*******************************************************************************
*******************************************************************************



