
*******************************************************************************
*******************************************************************************
*******************************************************************************
*       BEGAN ATLAS3.10.3 INSTALL OF SECTION 2-3-7 ON 06/04/2018 AT 08:56     *
*******************************************************************************
*******************************************************************************
*******************************************************************************



make[2]: Entering directory '/home/forrest/Documents/linpack/ATLAS/intel_i7/bin'
cd /home/forrest/Documents/linpack/ATLAS/intel_i7/tune/blas/gemv ; make res/zMVTK.sum pre=z
make[3]: Entering directory '/home/forrest/Documents/linpack/ATLAS/intel_i7/tune/blas/gemv'
./xmvtksearch -p z

      Read in L1 Cache size as = 32KB.
   900003:zmvt_sse.c (M=2300, N=1000, lda=2308) gets 3044.18 MFLOPS
   900001:zmvt_C.c (M=2300, N=1000, lda=2303) gets 6438.53 MFLOPS
   900004:zmvt_sse.c (M=512, N=16, lda=518) gets 3309.40 MFLOPS
   900002:zmvt_sse.c (M=217, N=8, lda=224) gets 3429.86 MFLOPS
   900001:zmvt_C.c (M=2300, N=1000, lda=2303) gets 5248.64 MFLOPS
ID=900003 ROUT='zmvt_sse.c' AUTH='R. Clint Whaley' TA='T' KNAME='ATL_zmvtk__900003' \
   rankR=1 CacheElts=14336 SSE=3 alignA=16 alignY=16 alignX=16 minM=4 minN=4  \
   NU=4 MU=4 LDAMUL=16 PFTUNABLE=1 ALIGNX2A=0 ADDCFLAGS=0 GEMMBASED=0 AXPYBASED=0  \
   ALLALIGNXY=0 LDYTOP=0 FNU=1 X87=0  \
   MFLOP=3.044180e+03,-1.075292e+04  ASM=GAS_x8664 \
     CFLAGS='-x assembler-with-cpp -DPFIA=prefetcht0 -DPFIX=prefetcht1 -DPFIY=prefetchnta -DPFXDIST=192' \
     COMP='gcc'
ID=900001 ROUT='zmvt_C.c' AUTH='R. Clint Whaley' TA='T' KNAME='ATL_zmvtk__900001' \
   rankR=0 CacheElts=14336 SSE=0 alignA=0 alignY=0 alignX=0 minM=1 minN=4  \
   NU=4 MU=1 LDAMUL=0 PFTUNABLE=1 ALIGNX2A=0 ADDCFLAGS=0 GEMMBASED=0 AXPYBASED=0  \
   ALLALIGNXY=0 LDYTOP=0 FNU=1 X87=0  \
   MFLOP=6.438527e+03,-1.012923e+04 \
     CFLAGS='-fomit-frame-pointer -mfpmath=sse -O2 -mavx2 -mfma -m64 -DPFIA=prefetcht2 -DPFIX=prefetcht2 -DPFYDIST=192'
ID=900004 ROUT='zmvt_sse.c' AUTH='R. Clint Whaley' TA='T' KNAME='ATL_zmvtk__900004' \
   rankR=0 CacheElts=14336 SSE=3 alignA=0 alignY=16 alignX=16 minM=8 minN=4  \
   NU=4 MU=8 LDAMUL=0 PFTUNABLE=1 ALIGNX2A=0 ADDCFLAGS=0 GEMMBASED=0 AXPYBASED=0  \
   ALLALIGNXY=0 LDYTOP=0 FNU=1 X87=0  \
   MFLOP=0.000000e+00,0.000000e+00,0.000000e+00,3.309400e+03,-1.555954e+04 \
     ASM=GAS_x8664 \
     CFLAGS='-x assembler-with-cpp -DPFIA=prefetcht0 -DPFIX=prefetcht2 -DPFADIST=128' \
     COMP='gcc'
ID=900002 ROUT='zmvt_sse.c' AUTH='R. Clint Whaley' TA='T' KNAME='ATL_zmvtk__900002' \
   rankR=0 CacheElts=1515 SSE=3 alignA=0 alignY=16 alignX=16 minM=4 minN=4  \
   NU=4 MU=4 LDAMUL=0 PFTUNABLE=1 ALIGNX2A=0 ADDCFLAGS=0 GEMMBASED=0 AXPYBASED=0  \
   ALLALIGNXY=0 LDYTOP=0 FNU=1 X87=0  \
   MFLOP=-7.244538e+03,-9.331517e+03,0.000000e+00,0.000000e+00,3.429862e+03 \
     ASM=GAS_x8664 \
     CFLAGS='-x assembler-with-cpp -DPFIA=prefetcht2 -DPFIX=prefetcht1 -DPFIY=prefetcht1 -DPFXDIST=704 -DPFYDIST=0' \
     COMP='gcc'
ID=900001 ROUT='zmvt_C.c' AUTH='R. Clint Whaley' TA='T' KNAME='ATL_zmvtk__900001' \
   rankR=0 CacheElts=1515 SSE=0 alignA=0 alignY=0 alignX=0 minM=1 minN=4  \
   NU=4 MU=1 LDAMUL=0 PFTUNABLE=1 ALIGNX2A=0 ADDCFLAGS=0 GEMMBASED=0 AXPYBASED=0  \
   ALLALIGNXY=0 LDYTOP=0 FNU=1 X87=0  \
   MFLOP=5.248644e+03,-9.906646e+03 \
     CFLAGS='-fomit-frame-pointer -mfpmath=sse -O2 -mavx2 -mfma -m64 -DPFIA=prefetchnta -DPFIX=prefetcht2 -DPFIY=prefetcht1 -DPFADIST=0 -DPFXDIST=0 -DPFYDIST=256'
make zmvtinstall
make[4]: Entering directory '/home/forrest/Documents/linpack/ATLAS/intel_i7/tune/blas/gemv'
mkdir zmvtoutd
rm -f zmvtoutd/*
if [ -s "/home/forrest/Documents/linpack/ATLAS/intel_i7/src/blas/gemv/Make_zmvt" ]; then \
           cd  /home/forrest/Documents/linpack/ATLAS/intel_i7/src/blas/gemv ; make -f Make_zmvt killall ; \
           rm -f /home/forrest/Documents/linpack/ATLAS/intel_i7/src/blas/gemv/Make_zmvt ; \
        fi
./xmvthgen -p z -F res/zMVTK.sum -d zmvtoutd
make[5]: Entering directory '/home/forrest/Documents/linpack/ATLAS/intel_i7/tune/blas/gemv'
/home/forrest/Documents/linpack/ATLAS/intel_i7/bin/xextract -b /home/forrest/Documents/linpack/ATLAS/intel_i7/..//tune/blas/gemv/atlas-l2g.base order=clmajor \
                           rout=mvt_sse nu=4 type=DCPLX -def MU 1 \
                           -def ALIGNED 1 -o EXTDIR/zmvt_sse.c
make[5]: Leaving directory '/home/forrest/Documents/linpack/ATLAS/intel_i7/tune/blas/gemv'
make[5]: Entering directory '/home/forrest/Documents/linpack/ATLAS/intel_i7/tune/blas/gemv'
/home/forrest/Documents/linpack/ATLAS/intel_i7/bin/xextract -b /home/forrest/Documents/linpack/ATLAS/intel_i7/..//tune/blas/gemv/atlas-l2g.base -langC \
                           order=clmajor rout=mvt_C nu=4 type=DCPLX \
                           -def MU 1  -o EXTDIR/zmvt_C.c
make[5]: Leaving directory '/home/forrest/Documents/linpack/ATLAS/intel_i7/tune/blas/gemv'
make[5]: Entering directory '/home/forrest/Documents/linpack/ATLAS/intel_i7/tune/blas/gemv'
/home/forrest/Documents/linpack/ATLAS/intel_i7/bin/xextract -b /home/forrest/Documents/linpack/ATLAS/intel_i7/..//tune/blas/gemv/atlas-l2g.base order=clmajor \
                           rout=mvt_sse nu=4 type=DCPLX -def MU 2 \
                            -o EXTDIR/zmvt_sse.c
make[5]: Leaving directory '/home/forrest/Documents/linpack/ATLAS/intel_i7/tune/blas/gemv'
make[5]: Entering directory '/home/forrest/Documents/linpack/ATLAS/intel_i7/tune/blas/gemv'
/home/forrest/Documents/linpack/ATLAS/intel_i7/bin/xextract -b /home/forrest/Documents/linpack/ATLAS/intel_i7/..//tune/blas/gemv/atlas-l2g.base order=clmajor \
                           rout=mvt_sse nu=4 type=DCPLX -def MU 1 \
                            -o EXTDIR/zmvt_sse.c
make[5]: Leaving directory '/home/forrest/Documents/linpack/ATLAS/intel_i7/tune/blas/gemv'
cp -f zmvtoutd/Make_zmvt /home/forrest/Documents/linpack/ATLAS/intel_i7/src/blas/gemv/.
cp zmvtoutd/*.c /home/forrest/Documents/linpack/ATLAS/intel_i7/src/blas/gemv/.
cp -f zmvtoutd/*.h /home/forrest/Documents/linpack/ATLAS/intel_i7/include/.
if [ -s "xccobj.exe" ] ; then \
   cp -f xccobj.exe /home/forrest/Documents/linpack/ATLAS/intel_i7/src/blas/gemv/. ; \
elif [ -s "xccobj" ]; then \
           cp -f xccobj /home/forrest/Documents/linpack/ATLAS/intel_i7/src/blas/gemv/. ; \
        fi
touch /home/forrest/Documents/linpack/ATLAS/intel_i7/..//include/atlas_mv.h
rm -f zmvtoutd/* ; rmdir zmvtoutd
make[4]: Leaving directory '/home/forrest/Documents/linpack/ATLAS/intel_i7/tune/blas/gemv'
make[3]: Leaving directory '/home/forrest/Documents/linpack/ATLAS/intel_i7/tune/blas/gemv'
cp /home/forrest/Documents/linpack/ATLAS/intel_i7/tune/blas/gemv/res/zMVTK.sum INSTALL_LOG/.
make[2]: Leaving directory '/home/forrest/Documents/linpack/ATLAS/intel_i7/bin'

*******************************************************************************
*******************************************************************************
*******************************************************************************
*      FINISHED ATLAS3.10.3 INSTALL OF SECTION 2-3-7 ON 06/04/2018 AT 08:56   *
*******************************************************************************
*******************************************************************************
*******************************************************************************



